<?xml version="1.0" encoding="UTF-8"?>
<!-- Generated by org.testng.reporters.JUnitXMLReporter -->
<testsuite hostname="HDC2-L-9227QQ2" ignored="0" name="Test" tests="5" failures="0" timestamp="01 Aug 2019 12:16:46 GMT" time="0.067" errors="0">
  <testcase name="m4" time="0.017" classname="tesngDemosOrder.mytest2"/>
  <testcase name="m5" time="0.001" classname="tesngDemosOrder.mytest2"/>
  <testcase name="m1" time="0.001" classname="tesngDemosOrder.mytest1"/>
  <testcase name="m2" time="0.002" classname="tesngDemosOrder.mytest1"/>
  <testcase name="m3" time="0.002" classname="tesngDemosOrder.mytest1"/>
</testsuite> <!-- Test -->
