<?xml version="1.0" encoding="UTF-8"?>
<testng-results skipped="0" failed="0" ignored="0" total="5" passed="5">
  <reporter-output>
  </reporter-output>
  <suite name="Default suite" duration-ms="64" started-at="2019-05-02T10:07:43Z" finished-at="2019-05-02T10:07:43Z">
    <groups>
    </groups>
    <test name="Default test" duration-ms="64" started-at="2019-05-02T10:07:43Z" finished-at="2019-05-02T10:07:43Z">
      <class name="testNGDemos2.NewTest999">
        <test-method status="PASS" signature="f()[pri:0, instance:testNGDemos2.NewTest999@1593948d]" name="f" duration-ms="15" started-at="2019-05-02T10:07:43Z" finished-at="2019-05-02T10:07:43Z">
          <reporter-output>
          </reporter-output>
        </test-method> <!-- f -->
        <test-method status="PASS" signature="f()[pri:0, instance:testNGDemos2.NewTest999@1593948d]" name="f" duration-ms="2" started-at="2019-05-02T10:07:43Z" finished-at="2019-05-02T10:07:43Z">
          <reporter-output>
          </reporter-output>
        </test-method> <!-- f -->
        <test-method status="PASS" signature="f()[pri:0, instance:testNGDemos2.NewTest999@1593948d]" name="f" duration-ms="2" started-at="2019-05-02T10:07:43Z" finished-at="2019-05-02T10:07:43Z">
          <reporter-output>
          </reporter-output>
        </test-method> <!-- f -->
        <test-method status="PASS" signature="f()[pri:0, instance:testNGDemos2.NewTest999@1593948d]" name="f" duration-ms="1" started-at="2019-05-02T10:07:43Z" finished-at="2019-05-02T10:07:43Z">
          <reporter-output>
          </reporter-output>
        </test-method> <!-- f -->
        <test-method status="PASS" signature="f()[pri:0, instance:testNGDemos2.NewTest999@1593948d]" name="f" duration-ms="1" started-at="2019-05-02T10:07:43Z" finished-at="2019-05-02T10:07:43Z">
          <reporter-output>
          </reporter-output>
        </test-method> <!-- f -->
      </class> <!-- testNGDemos2.NewTest999 -->
    </test> <!-- Default test -->
  </suite> <!-- Default suite -->
</testng-results>
