<?xml version="1.0" encoding="UTF-8"?>
<!-- Generated by org.testng.reporters.JUnitXMLReporter -->
<testsuite hostname="HDC2-L-9227QQ2" ignored="0" name="Default test" tests="4" failures="0" timestamp="26 Feb 2019 04:41:29 GMT" time="0.117" errors="0">
  <testcase name="b" time="0.027" classname="FebDemo1.FebDemo1.NewTest999"/>
  <testcase name="c" time="0.003" classname="FebDemo1.FebDemo1.NewTest999"/>
  <testcase name="d" time="0.002" classname="FebDemo1.FebDemo1.NewTest999"/>
  <testcase name="a" time="0.003" classname="FebDemo1.FebDemo1.NewTest999"/>
</testsuite> <!-- Default test -->
