<?xml version="1.0" encoding="UTF-8"?>
<testng-results skipped="0" failed="0" ignored="0" total="4" passed="4">
  <reporter-output>
  </reporter-output>
  <suite name="Default suite" duration-ms="117" started-at="2019-02-26T04:41:28Z" finished-at="2019-02-26T04:41:29Z">
    <groups>
    </groups>
    <test name="Default test" duration-ms="117" started-at="2019-02-26T04:41:28Z" finished-at="2019-02-26T04:41:29Z">
      <class name="FebDemo1.FebDemo1.NewTest999">
        <test-method status="PASS" signature="b()[pri:0, instance:FebDemo1.FebDemo1.NewTest999@51565ec2]" name="b" duration-ms="27" started-at="2019-02-26T04:41:29Z" finished-at="2019-02-26T04:41:29Z">
          <reporter-output>
          </reporter-output>
        </test-method> <!-- b -->
        <test-method status="PASS" signature="c()[pri:0, instance:FebDemo1.FebDemo1.NewTest999@51565ec2]" name="c" duration-ms="3" started-at="2019-02-26T04:41:29Z" finished-at="2019-02-26T04:41:29Z">
          <reporter-output>
          </reporter-output>
        </test-method> <!-- c -->
        <test-method status="PASS" signature="d()[pri:0, instance:FebDemo1.FebDemo1.NewTest999@51565ec2]" name="d" duration-ms="2" started-at="2019-02-26T04:41:29Z" finished-at="2019-02-26T04:41:29Z">
          <reporter-output>
          </reporter-output>
        </test-method> <!-- d -->
        <test-method status="PASS" signature="a()[pri:1, instance:FebDemo1.FebDemo1.NewTest999@51565ec2]" name="a" duration-ms="3" started-at="2019-02-26T04:41:29Z" finished-at="2019-02-26T04:41:29Z">
          <reporter-output>
          </reporter-output>
        </test-method> <!-- a -->
      </class> <!-- FebDemo1.FebDemo1.NewTest999 -->
    </test> <!-- Default test -->
  </suite> <!-- Default suite -->
</testng-results>
