<?xml version="1.0" encoding="UTF-8"?>
<!-- Generated by org.testng.reporters.JUnitXMLReporter -->
<testsuite hostname="HDC2-L-9227QQ2" ignored="2" name="T1" tests="1" failures="0" timestamp="14 Mar 2019 05:58:03 GMT" time="0.038" errors="0">
  <testcase name="b" time="0.01" classname="MyDemo03.MyDemo03.GroupingDemo"/>
  <testcase name="c" time="0.0" classname="MyDemo03.MyDemo03.GroupingDemo">
    <ignored/>
  </testcase> <!-- c -->
  <testcase name="a" time="0.0" classname="MyDemo03.MyDemo03.GroupingDemo">
    <ignored/>
  </testcase> <!-- a -->
</testsuite> <!-- T1 -->
