<?xml version="1.0" encoding="UTF-8"?>
<!-- Generated by org.testng.reporters.JUnitXMLReporter -->
<testsuite hostname="HDC2-L-9227QQ2" ignored="0" name="T2" tests="6" failures="0" timestamp="13 Mar 2019 16:05:43 GMT" time="0.013" errors="0">
  <testcase name="lgt" time="0.001" classname="MyDemo03.MyDemo03.DemoXML1"/>
  <testcase name="login" time="0.001" classname="MyDemo03.MyDemo03.DemoXML1"/>
  <testcase name="lgt_2" time="0.0" classname="MyDemo03.MyDemo03.DemoXML2"/>
  <testcase name="login_2" time="0.001" classname="MyDemo03.MyDemo03.DemoXML2"/>
  <testcase name="lgt_3" time="0.0" classname="MyDemo03.MyDemo03.DemoXML3"/>
  <testcase name="login_3" time="0.001" classname="MyDemo03.MyDemo03.DemoXML3"/>
</testsuite> <!-- T2 -->
