<?xml version="1.0" encoding="UTF-8"?>
<testng-results ignored="0" total="3" passed="3" failed="0" skipped="0">
  <reporter-output>
  </reporter-output>
  <suite started-at="2018-09-05T04:16:01Z" name="Default suite" finished-at="2018-09-05T04:16:01Z" duration-ms="87">
    <groups>
    </groups>
    <test started-at="2018-09-05T04:16:01Z" name="Default test" finished-at="2018-09-05T04:16:01Z" duration-ms="87">
      <class name="DataproviderEx">
        <test-method signature="logintestcase(java.lang.String, java.lang.String)[pri:0, instance:DataproviderEx@7bedc48a]" started-at="2018-09-05T04:16:01Z" name="logintestcase" data-provider="logindata" finished-at="2018-09-05T04:16:01Z" duration-ms="18" status="PASS">
          <params>
            <param index="0">
              <value>
                <![CDATA[srini]]>
              </value>
            </param>
            <param index="1">
              <value>
                <![CDATA[abs]]>
              </value>
            </param>
          </params>
          <reporter-output>
          </reporter-output>
        </test-method> <!-- logintestcase -->
        <test-method signature="logintestcase(java.lang.String, java.lang.String)[pri:0, instance:DataproviderEx@7bedc48a]" started-at="2018-09-05T04:16:01Z" name="logintestcase" data-provider="logindata" finished-at="2018-09-05T04:16:01Z" duration-ms="2" status="PASS">
          <params>
            <param index="0">
              <value>
                <![CDATA[srini2]]>
              </value>
            </param>
            <param index="1">
              <value>
                <![CDATA[abs2]]>
              </value>
            </param>
          </params>
          <reporter-output>
          </reporter-output>
        </test-method> <!-- logintestcase -->
        <test-method signature="logintestcase(java.lang.String, java.lang.String)[pri:0, instance:DataproviderEx@7bedc48a]" started-at="2018-09-05T04:16:01Z" name="logintestcase" data-provider="logindata" finished-at="2018-09-05T04:16:01Z" duration-ms="1" status="PASS">
          <params>
            <param index="0">
              <value>
                <![CDATA[srini3]]>
              </value>
            </param>
            <param index="1">
              <value>
                <![CDATA[abs3]]>
              </value>
            </param>
          </params>
          <reporter-output>
          </reporter-output>
        </test-method> <!-- logintestcase -->
      </class> <!-- DataproviderEx -->
    </test> <!-- Default test -->
  </suite> <!-- Default suite -->
</testng-results>
