<?xml version="1.0" encoding="UTF-8"?>
<!-- Generated by org.testng.reporters.JUnitXMLReporter -->
<testsuite hostname="HDC2-L-9227QQ2" ignored="0" name="Default test" tests="5" failures="0" timestamp="02 May 2019 10:07:43 GMT" time="0.064" errors="0">
  <testcase name="f" time="0.015" classname="testNGDemos2.NewTest999"/>
  <testcase name="f" time="0.002" classname="testNGDemos2.NewTest999"/>
  <testcase name="f" time="0.002" classname="testNGDemos2.NewTest999"/>
  <testcase name="f" time="0.001" classname="testNGDemos2.NewTest999"/>
  <testcase name="f" time="0.001" classname="testNGDemos2.NewTest999"/>
</testsuite> <!-- Default test -->
