<?xml version="1.0" encoding="UTF-8"?>
<testng-results ignored="0" total="1" passed="1" failed="0" skipped="0">
  <reporter-output>
  </reporter-output>
  <suite started-at="2018-09-05T10:40:58Z" name="Default suite" finished-at="2018-09-05T10:41:14Z" duration-ms="15492">
    <groups>
    </groups>
    <test started-at="2018-09-05T10:40:58Z" name="Default test" finished-at="2018-09-05T10:41:14Z" duration-ms="15492">
      <class name="mavenex1.mavenex9.FbLogin">
        <test-method is-config="true" signature="BrowserSettup()[pri:0, instance:mavenex1.mavenex9.FbLogin@6aaceffd]" started-at="2018-09-05T10:40:58Z" name="BrowserSettup" finished-at="2018-09-05T10:41:01Z" duration-ms="2554" status="PASS">
          <reporter-output>
          </reporter-output>
        </test-method> <!-- BrowserSettup -->
        <test-method signature="f()[pri:0, instance:mavenex1.mavenex9.FbLogin@6aaceffd]" started-at="2018-09-05T10:41:01Z" name="f" finished-at="2018-09-05T10:41:14Z" duration-ms="12917" status="PASS">
          <reporter-output>
          </reporter-output>
        </test-method> <!-- f -->
      </class> <!-- mavenex1.mavenex9.FbLogin -->
    </test> <!-- Default test -->
  </suite> <!-- Default suite -->
</testng-results>
