<?xml version="1.0" encoding="UTF-8"?>
<!-- Generated by org.testng.reporters.JUnitXMLReporter -->
<testsuite hostname="HDC2-L-9227QQ2" ignored="4" name="Order2.xml" tests="1" failures="0" timestamp="29 Mar 2019 09:37:33 GMT" time="0.093" errors="0">
  <testcase name="remove" time="0.021" classname="testNGDemos2.Order1"/>
  <testcase name="payment" time="0.0" classname="testNGDemos2.Order1">
    <ignored/>
  </testcase> <!-- payment -->
  <testcase name="login" time="0.0" classname="testNGDemos2.Order1">
    <ignored/>
  </testcase> <!-- login -->
  <testcase name="addtocart" time="0.0" classname="testNGDemos2.Order1">
    <ignored/>
  </testcase> <!-- addtocart -->
  <testcase name="logout" time="0.0" classname="testNGDemos2.Order1">
    <ignored/>
  </testcase> <!-- logout -->
</testsuite> <!-- Order2.xml -->
