<?xml version="1.0" encoding="UTF-8"?>
<!-- Generated by org.testng.reporters.JUnitXMLReporter -->
<testsuite hostname="HDC2-L-9227QQ2" ignored="8" name="Test1" tests="1" failures="0" timestamp="14 Mar 2019 09:22:02 GMT" time="0.008" errors="0">
  <testcase name="login" time="0.003" classname="MyDemo03.MyDemo03.GropuDemo1"/>
  <testcase name="IMPS" time="0.0" classname="MyDemo03.MyDemo03.GropuDemo1">
    <ignored/>
  </testcase> <!-- IMPS -->
  <testcase name="NEFT" time="0.0" classname="MyDemo03.MyDemo03.GropuDemo1">
    <ignored/>
  </testcase> <!-- NEFT -->
  <testcase name="UpdateProfile" time="0.0" classname="MyDemo03.MyDemo03.GropuDemo1">
    <ignored/>
  </testcase> <!-- UpdateProfile -->
  <testcase name="AddPayee" time="0.0" classname="MyDemo03.MyDemo03.GropuDemo1">
    <ignored/>
  </testcase> <!-- AddPayee -->
  <testcase name="RTGS" time="0.0" classname="MyDemo03.MyDemo03.GropuDemo1">
    <ignored/>
  </testcase> <!-- RTGS -->
  <testcase name="register" time="0.0" classname="MyDemo03.MyDemo03.GropuDemo1">
    <ignored/>
  </testcase> <!-- register -->
  <testcase name="closeapp" time="0.0" classname="MyDemo03.MyDemo03.GropuDemo1">
    <ignored/>
  </testcase> <!-- closeapp -->
  <testcase name="launchapp" time="0.0" classname="MyDemo03.MyDemo03.GropuDemo1">
    <ignored/>
  </testcase> <!-- launchapp -->
</testsuite> <!-- Test1 -->
