<?xml version="1.0" encoding="UTF-8"?>
<!-- Generated by org.testng.reporters.JUnitXMLReporter -->
<testsuite hostname="HDC2-L-9227QQ2" ignored="7" name="Test" tests="2" failures="0" timestamp="14 Mar 2019 12:23:49 GMT" time="0.067" errors="0">
  <testcase name="AddPayee" time="0.012" classname="MyDemo03.MyDemo03.GropuDemo1"/>
  <testcase name="launchapp" time="0.001" classname="MyDemo03.MyDemo03.GropuDemo1"/>
  <testcase name="IMPS" time="0.0" classname="MyDemo03.MyDemo03.GropuDemo1">
    <ignored/>
  </testcase> <!-- IMPS -->
  <testcase name="NEFT" time="0.0" classname="MyDemo03.MyDemo03.GropuDemo1">
    <ignored/>
  </testcase> <!-- NEFT -->
  <testcase name="UpdateProfile" time="0.0" classname="MyDemo03.MyDemo03.GropuDemo1">
    <ignored/>
  </testcase> <!-- UpdateProfile -->
  <testcase name="login" time="0.0" classname="MyDemo03.MyDemo03.GropuDemo1">
    <ignored/>
  </testcase> <!-- login -->
  <testcase name="RTGS" time="0.0" classname="MyDemo03.MyDemo03.GropuDemo1">
    <ignored/>
  </testcase> <!-- RTGS -->
  <testcase name="register" time="0.0" classname="MyDemo03.MyDemo03.GropuDemo1">
    <ignored/>
  </testcase> <!-- register -->
  <testcase name="closeapp" time="0.0" classname="MyDemo03.MyDemo03.GropuDemo1">
    <ignored/>
  </testcase> <!-- closeapp -->
</testsuite> <!-- Test -->
