<?xml version="1.0" encoding="UTF-8"?>
<!-- Generated by org.testng.reporters.JUnitXMLReporter -->
<testsuite ignored="0" hostname="HDC2-L-9227QQ2" failures="0" tests="3" name="Default test" time="0.087" errors="0" timestamp="05 Sep 2018 04:16:01 GMT">
  <testcase classname="DataproviderEx" name="logintestcase" time="0.018"/>
  <testcase classname="DataproviderEx" name="logintestcase" time="0.002"/>
  <testcase classname="DataproviderEx" name="logintestcase" time="0.001"/>
</testsuite> <!-- Default test -->
